# JRE version: Java(TM) SE Runtime Environment (8.0_101-b13) (build 1.8.0_101-b13)
# Java VM: Java HotSpot(TM) 64-Bit Server VM (25.101-b13 mixed mode bsd-amd64 compressed oops)
Heap:
 PSYoungGen      total 162304K, used 6220K [0x00000007a0000000, 0x00000007ad100000, 0x00000007c0000000)
  eden space 150016K, 4% used [0x00000007a0000000,0x00000007a0613130,0x00000007a9280000)
  from space 12288K, 0% used [0x00000007a9f80000,0x00000007a9f80000,0x00000007aab80000)
  to   space 13312K, 0% used [0x00000007a9280000,0x00000007a9280000,0x00000007a9f80000)
 ParOldGen       total 164864K, used 18198K [0x0000000760000000, 0x000000076a100000, 0x00000007a0000000)
  object space 164864K, 11% used [0x0000000760000000,0x00000007611c5bd0,0x000000076a100000)
 Metaspace       used 34817K, capacity 35446K, committed 35712K, reserved 1079296K
  class space    used 4799K, capacity 4978K, committed 4992K, reserved 1048576K
GC Heap History (10 events):
Event: 2.162 GC heap before
{Heap before GC invocations=4 (full 1):
 PSYoungGen      total 76288K, used 8725K [0x00000007a0000000, 0x00000007a9500000, 0x00000007c0000000)
  eden space 65536K, 0% used [0x00000007a0000000,0x00000007a0000000,0x00000007a4000000)
  from space 10752K, 81% used [0x00000007a4000000,0x00000007a4885428,0x00000007a4a80000)
  to   space 10752K, 0% used [0x00000007a8a80000,0x00000007a8a80000,0x00000007a9500000)
 ParOldGen       total 175104K, used 712K [0x0000000760000000, 0x000000076ab00000, 0x00000007a0000000)
  object space 175104K, 0% used [0x0000000760000000,0x00000007600b2318,0x000000076ab00000)
 Metaspace       used 20829K, capacity 21176K, committed 21296K, reserved 1067008K
  class space    used 2826K, capacity 2941K, committed 2944K, reserved 1048576K
Event: 2.206 GC heap after
Heap after GC invocations=4 (full 1):
 PSYoungGen      total 76288K, used 0K [0x00000007a0000000, 0x00000007a9500000, 0x00000007c0000000)
  eden space 65536K, 0% used [0x00000007a0000000,0x00000007a0000000,0x00000007a4000000)
  from space 10752K, 0% used [0x00000007a4000000,0x00000007a4000000,0x00000007a4a80000)
  to   space 10752K, 0% used [0x00000007a8a80000,0x00000007a8a80000,0x00000007a9500000)
 ParOldGen       total 103936K, used 8509K [0x0000000760000000, 0x0000000766580000, 0x00000007a0000000)
  object space 103936K, 8% used [0x0000000760000000,0x000000076084f638,0x0000000766580000)
 Metaspace       used 20829K, capacity 21176K, committed 21296K, reserved 1067008K
  class space    used 2826K, capacity 2941K, committed 2944K, reserved 1048576K
}
Event: 2.769 GC heap before
{Heap before GC invocations=5 (full 1):
 PSYoungGen      total 76288K, used 65536K [0x00000007a0000000, 0x00000007a9500000, 0x00000007c0000000)
  eden space 65536K, 100% used [0x00000007a0000000,0x00000007a4000000,0x00000007a4000000)
  from space 10752K, 0% used [0x00000007a4000000,0x00000007a4000000,0x00000007a4a80000)
  to   space 10752K, 0% used [0x00000007a8a80000,0x00000007a8a80000,0x00000007a9500000)
 ParOldGen       total 103936K, used 8509K [0x0000000760000000, 0x0000000766580000, 0x00000007a0000000)
  object space 103936K, 8% used [0x0000000760000000,0x000000076084f638,0x0000000766580000)
 Metaspace       used 25184K, capacity 25690K, committed 25984K, reserved 1071104K
  class space    used 3561K, capacity 3711K, committed 3712K, reserved 1048576K
Event: 2.779 GC heap after
Heap after GC invocations=5 (full 1):
 PSYoungGen      total 107520K, used 6505K [0x00000007a0000000, 0x00000007a9100000, 0x00000007c0000000)
  eden space 100864K, 0% used [0x00000007a0000000,0x00000007a0000000,0x00000007a6280000)
  from space 6656K, 97% used [0x00000007a8a80000,0x00000007a90da4d0,0x00000007a9100000)
  to   space 10752K, 0% used [0x00000007a7c00000,0x00000007a7c00000,0x00000007a8680000)
 ParOldGen       total 103936K, used 8517K [0x0000000760000000, 0x0000000766580000, 0x00000007a0000000)
  object space 103936K, 8% used [0x0000000760000000,0x0000000760851638,0x0000000766580000)
 Metaspace       used 25184K, capacity 25690K, committed 25984K, reserved 1071104K
  class space    used 3561K, capacity 3711K, committed 3712K, reserved 1048576K
}
Event: 3.656 GC heap before
{Heap before GC invocations=6 (full 1):
 PSYoungGen      total 107520K, used 107369K [0x00000007a0000000, 0x00000007a9100000, 0x00000007c0000000)
  eden space 100864K, 100% used [0x00000007a0000000,0x00000007a6280000,0x00000007a6280000)
  from space 6656K, 97% used [0x00000007a8a80000,0x00000007a90da4d0,0x00000007a9100000)
  to   space 10752K, 0% used [0x00000007a7c00000,0x00000007a7c00000,0x00000007a8680000)
 ParOldGen       total 103936K, used 8517K [0x0000000760000000, 0x0000000766580000, 0x00000007a0000000)
  object space 103936K, 8% used [0x0000000760000000,0x0000000760851638,0x0000000766580000)
 Metaspace       used 28281K, capacity 28854K, committed 29312K, reserved 1075200K
  class space    used 3954K, capacity 4103K, committed 4224K, reserved 1048576K
Event: 3.664 GC heap after
Heap after GC invocations=6 (full 1):
 PSYoungGen      total 137728K, used 6184K [0x00000007a0000000, 0x00000007aab80000, 0x00000007c0000000)
  eden space 126976K, 0% used [0x00000007a0000000,0x00000007a0000000,0x00000007a7c00000)
  from space 10752K, 57% used [0x00000007a7c00000,0x00000007a820a2e8,0x00000007a8680000)
  to   space 12288K, 0% used [0x00000007a9f80000,0x00000007a9f80000,0x00000007aab80000)
 ParOldGen       total 103936K, used 8597K [0x0000000760000000, 0x0000000766580000, 0x00000007a0000000)
  object space 103936K, 8% used [0x0000000760000000,0x0000000760865660,0x0000000766580000)
 Metaspace       used 28281K, capacity 28854K, committed 29312K, reserved 1075200K
  class space    used 3954K, capacity 4103K, committed 4224K, reserved 1048576K
}
Event: 4.460 GC heap before
{Heap before GC invocations=7 (full 1):
 PSYoungGen      total 137728K, used 97216K [0x00000007a0000000, 0x00000007aab80000, 0x00000007c0000000)
  eden space 126976K, 71% used [0x00000007a0000000,0x00000007a58e5ed8,0x00000007a7c00000)
  from space 10752K, 57% used [0x00000007a7c00000,0x00000007a820a2e8,0x00000007a8680000)
  to   space 12288K, 0% used [0x00000007a9f80000,0x00000007a9f80000,0x00000007aab80000)
 ParOldGen       total 103936K, used 8597K [0x0000000760000000, 0x0000000766580000, 0x00000007a0000000)
  object space 103936K, 8% used [0x0000000760000000,0x0000000760865660,0x0000000766580000)
 Metaspace       used 34553K, capacity 35126K, committed 35456K, reserved 1079296K
  class space    used 4772K, capacity 4914K, committed 4992K, reserved 1048576K
Event: 4.471 GC heap after
Heap after GC invocations=7 (full 1):
 PSYoungGen      total 162304K, used 11517K [0x00000007a0000000, 0x00000007ad100000, 0x00000007c0000000)
  eden space 150016K, 0% used [0x00000007a0000000,0x00000007a0000000,0x00000007a9280000)
  from space 12288K, 93% used [0x00000007a9f80000,0x00000007aaabf780,0x00000007aab80000)
  to   space 13312K, 0% used [0x00000007a9280000,0x00000007a9280000,0x00000007a9f80000)
 ParOldGen       total 103936K, used 8605K [0x0000000760000000, 0x0000000766580000, 0x00000007a0000000)
  object space 103936K, 8% used [0x0000000760000000,0x0000000760867660,0x0000000766580000)
 Metaspace       used 34553K, capacity 35126K, committed 35456K, reserved 1079296K
  class space    used 4772K, capacity 4914K, committed 4992K, reserved 1048576K
}
Event: 4.471 GC heap before
{Heap before GC invocations=8 (full 2):
 PSYoungGen      total 162304K, used 11517K [0x00000007a0000000, 0x00000007ad100000, 0x00000007c0000000)
  eden space 150016K, 0% used [0x00000007a0000000,0x00000007a0000000,0x00000007a9280000)
  from space 12288K, 93% used [0x00000007a9f80000,0x00000007aaabf780,0x00000007aab80000)
  to   space 13312K, 0% used [0x00000007a9280000,0x00000007a9280000,0x00000007a9f80000)
 ParOldGen       total 103936K, used 8605K [0x0000000760000000, 0x0000000766580000, 0x00000007a0000000)
  object space 103936K, 8% used [0x0000000760000000,0x0000000760867660,0x0000000766580000)
 Metaspace       used 34553K, capacity 35126K, committed 35456K, reserved 1079296K
  class space    used 4772K, capacity 4914K, committed 4992K, reserved 1048576K
Event: 4.525 GC heap after
Heap after GC invocations=8 (full 2):
 PSYoungGen      total 162304K, used 0K [0x00000007a0000000, 0x00000007ad100000, 0x00000007c0000000)
  eden space 150016K, 0% used [0x00000007a0000000,0x00000007a0000000,0x00000007a9280000)
  from space 12288K, 0% used [0x00000007a9f80000,0x00000007a9f80000,0x00000007aab80000)
  to   space 13312K, 0% used [0x00000007a9280000,0x00000007a9280000,0x00000007a9f80000)
 ParOldGen       total 164864K, used 18198K [0x0000000760000000, 0x000000076a100000, 0x00000007a0000000)
  object space 164864K, 11% used [0x0000000760000000,0x00000007611c5bd0,0x000000076a100000)
 Metaspace       used 34553K, capacity 35126K, committed 35456K, reserved 1079296K
  class space    used 4772K, capacity 4914K, committed 4992K, reserved 1048576K
}

